<?xml version="1.0" encoding="UTF-8"?>
<testsuite name="se.yrgo.models.BookCatalogTest" tests="5" skipped="0" failures="0" errors="0" timestamp="2024-11-22T13:39:07" hostname="Haimens-MacBook-Pro.local" time="0.011">
  <properties/>
  <testcase name="testAddABook()" classname="se.yrgo.models.BookCatalogTest" time="0.007"/>
  <testcase name="testFindBook()" classname="se.yrgo.models.BookCatalogTest" time="0.0"/>
  <testcase name="testFindBookIgnoringCase()" classname="se.yrgo.models.BookCatalogTest" time="0.0"/>
  <testcase name="testFindBookWithExtraSpaces()" classname="se.yrgo.models.BookCatalogTest" time="0.0"/>
  <testcase name="testFindBookThatDoesntExist()" classname="se.yrgo.models.BookCatalogTest" time="0.0"/>
  <system-out><![CDATA[]]></system-out>
  <system-err><![CDATA[]]></system-err>
</testsuite>
